{"name": "Validar itens do menu lateral -- @1.6 ", "status": "broken", "statusDetails": {"message": "selenium.common.exceptions.NoSuchElementException: Message: no such element: Unable to locate element: {\"method\":\"xpath\",\"selector\":\"//*[contains(text(), 'Em Breve')]\"}\n  (Session info: chrome=131.0.6778.264); For documentation on this error, please visit: https://www.selenium.dev/documentation/webdriver/troubleshooting/errors#no-such-element-exception\nStacktrace:\n#0 0x562ca69501fa <unknown>\n#1 0x562ca6460810 <unknown>\n#2 0x562ca64af506 <unknown>\n#3 0x562ca64af7a1 <unknown>\n#4 0x562ca64f4c24 <unknown>\n#5 0x562ca64d35ad <unknown>\n#6 0x562ca64f2007 <unknown>\n#7 0x562ca64d3323 <unknown>\n#8 0x562ca64a1de0 <unknown>\n#9 0x562ca64a2dbe <unknown>\n#10 0x562ca691c12b <unknown>\n#11 0x562ca69200c7 <unknown>\n#12 0x562ca69096cc <unknown>\n#13 0x562ca6920c47 <unknown>\n#14 0x562ca68ee67f <unknown>\n#15 0x562ca693f288 <unknown>\n#16 0x562ca693f450 <unknown>\n#17 0x562ca694f076 <unknown>\n#18 0x7f8c99fe3112 <unknown>\n\n", "trace": "  File \"/home/fish/git/python-automation/.venv/lib/python3.12/site-packages/behave/model.py\", line 1329, in run\n    match.run(runner.context)\n  File \"/home/fish/git/python-automation/.venv/lib/python3.12/site-packages/behave/matchers.py\", line 98, in run\n    self.func(context, *args, **kwargs)\n  File \"features/steps/homepage_steps.py\", line 72, in step_impl\n    text_element = context.browser.find_element(By.XPATH, f\"//*[contains(text(), 'Em Breve')]\")\n                   ^^^^^^^^^^^^^^^^^^^^^^^^^^^^^^^^^^^^^^^^^^^^^^^^^^^^^^^^^^^^^^^^^^^^^^^^^^^^\n  File \"/home/fish/git/python-automation/.venv/lib/python3.12/site-packages/selenium/webdriver/remote/webdriver.py\", line 888, in find_element\n    return self.execute(Command.FIND_ELEMENT, {\"using\": by, \"value\": value})[\"value\"]\n           ^^^^^^^^^^^^^^^^^^^^^^^^^^^^^^^^^^^^^^^^^^^^^^^^^^^^^^^^^^^^^^^^^\n  File \"/home/fish/git/python-automation/.venv/lib/python3.12/site-packages/selenium/webdriver/remote/webdriver.py\", line 429, in execute\n    self.error_handler.check_response(response)\n  File \"/home/fish/git/python-automation/.venv/lib/python3.12/site-packages/selenium/webdriver/remote/errorhandler.py\", line 232, in check_response\n    raise exception_class(message, screen, stacktrace)\n"}, "steps": [{"name": "Given O usuário está na página do portal de testes SEA Tecnologia", "status": "passed", "attachments": [{"name": "Screenshot", "source": "b8bb3759-7c72-4bcd-aa95-97337b09c75a-attachment.png", "type": "image/png"}], "start": 1737609511485, "stop": 1737609511646}, {"name": "When O item profile do menu lateral é selecionado", "status": "passed", "attachments": [{"name": "Screenshot", "source": "32c153aa-70c1-4c43-944c-78928234f5e4-attachment.png", "type": "image/png"}], "start": 1737609511646, "stop": 1737609511870}, {"name": "Then A navegação pelo item profile do menu lateral é validada", "status": "broken", "statusDetails": {"message": "selenium.common.exceptions.NoSuchElementException: Message: no such element: Unable to locate element: {\"method\":\"xpath\",\"selector\":\"//*[contains(text(), 'Em Breve')]\"}\n  (Session info: chrome=131.0.6778.264); For documentation on this error, please visit: https://www.selenium.dev/documentation/webdriver/troubleshooting/errors#no-such-element-exception\nStacktrace:\n#0 0x562ca69501fa <unknown>\n#1 0x562ca6460810 <unknown>\n#2 0x562ca64af506 <unknown>\n#3 0x562ca64af7a1 <unknown>\n#4 0x562ca64f4c24 <unknown>\n#5 0x562ca64d35ad <unknown>\n#6 0x562ca64f2007 <unknown>\n#7 0x562ca64d3323 <unknown>\n#8 0x562ca64a1de0 <unknown>\n#9 0x562ca64a2dbe <unknown>\n#10 0x562ca691c12b <unknown>\n#11 0x562ca69200c7 <unknown>\n#12 0x562ca69096cc <unknown>\n#13 0x562ca6920c47 <unknown>\n#14 0x562ca68ee67f <unknown>\n#15 0x562ca693f288 <unknown>\n#16 0x562ca693f450 <unknown>\n#17 0x562ca694f076 <unknown>\n#18 0x7f8c99fe3112 <unknown>\n\n", "trace": "  File \"/home/fish/git/python-automation/.venv/lib/python3.12/site-packages/behave/model.py\", line 1329, in run\n    match.run(runner.context)\n  File \"/home/fish/git/python-automation/.venv/lib/python3.12/site-packages/behave/matchers.py\", line 98, in run\n    self.func(context, *args, **kwargs)\n  File \"features/steps/homepage_steps.py\", line 72, in step_impl\n    text_element = context.browser.find_element(By.XPATH, f\"//*[contains(text(), 'Em Breve')]\")\n                   ^^^^^^^^^^^^^^^^^^^^^^^^^^^^^^^^^^^^^^^^^^^^^^^^^^^^^^^^^^^^^^^^^^^^^^^^^^^^\n  File \"/home/fish/git/python-automation/.venv/lib/python3.12/site-packages/selenium/webdriver/remote/webdriver.py\", line 888, in find_element\n    return self.execute(Command.FIND_ELEMENT, {\"using\": by, \"value\": value})[\"value\"]\n           ^^^^^^^^^^^^^^^^^^^^^^^^^^^^^^^^^^^^^^^^^^^^^^^^^^^^^^^^^^^^^^^^^\n  File \"/home/fish/git/python-automation/.venv/lib/python3.12/site-packages/selenium/webdriver/remote/webdriver.py\", line 429, in execute\n    self.error_handler.check_response(response)\n  File \"/home/fish/git/python-automation/.venv/lib/python3.12/site-packages/selenium/webdriver/remote/errorhandler.py\", line 232, in check_response\n    raise exception_class(message, screen, stacktrace)\n"}, "attachments": [{"name": "Screenshot", "source": "e588ce90-89a2-43b4-8a8b-d721c6751e24-attachment.png", "type": "image/png"}], "start": 1737609511870, "stop": 1737609512004}], "attachments": [{"name": "Screenshot", "source": "120854e5-88f6-41ef-88c9-ebf00393e7d7-attachment.png", "type": "image/png"}], "parameters": [{"name": "item", "value": "profile"}], "start": 1737609510730, "stop": 1737609512179, "uuid": "9806a95d-bd32-479b-87f0-8b25368e43e8", "historyId": "8e090e60bc2712c5471266fd66b1e0d8", "fullName": "Validar itens do menu lateral: Validar itens do menu lateral", "labels": [{"name": "epic", "value": "HomePage"}, {"name": "severity", "value": "normal"}, {"name": "story", "value": "Labels"}, {"name": "tag", "value": "ok"}, {"name": "feature", "value": "Validar itens do menu lateral"}, {"name": "framework", "value": "behave"}, {"name": "language", "value": "cpython3"}]}