{"name": "Validar itens do menu lateral -- @1.3 ", "status": "broken", "statusDetails": {"message": "selenium.common.exceptions.NoSuchElementException: Message: no such element: Unable to locate element: {\"method\":\"xpath\",\"selector\":\"//*[contains(text(), 'Em Breve')]\"}\n  (Session info: chrome=131.0.6778.264); For documentation on this error, please visit: https://www.selenium.dev/documentation/webdriver/troubleshooting/errors#no-such-element-exception\nStacktrace:\n#0 0x55fefd4611fa <unknown>\n#1 0x55fefcf71810 <unknown>\n#2 0x55fefcfc0506 <unknown>\n#3 0x55fefcfc07a1 <unknown>\n#4 0x55fefd005c24 <unknown>\n#5 0x55fefcfe45ad <unknown>\n#6 0x55fefd003007 <unknown>\n#7 0x55fefcfe4323 <unknown>\n#8 0x55fefcfb2de0 <unknown>\n#9 0x55fefcfb3dbe <unknown>\n#10 0x55fefd42d12b <unknown>\n#11 0x55fefd4310c7 <unknown>\n#12 0x55fefd41a6cc <unknown>\n#13 0x55fefd431c47 <unknown>\n#14 0x55fefd3ff67f <unknown>\n#15 0x55fefd450288 <unknown>\n#16 0x55fefd450450 <unknown>\n#17 0x55fefd460076 <unknown>\n#18 0x7f99a851d112 <unknown>\n\n", "trace": "  File \"/home/fish/git/python-automation/.venv/lib/python3.12/site-packages/behave/model.py\", line 1329, in run\n    match.run(runner.context)\n  File \"/home/fish/git/python-automation/.venv/lib/python3.12/site-packages/behave/matchers.py\", line 98, in run\n    self.func(context, *args, **kwargs)\n  File \"features/steps/homepage_steps.py\", line 72, in step_impl\n    text_element = context.browser.find_element(By.XPATH, f\"//*[contains(text(), 'Em Breve')]\")\n                   ^^^^^^^^^^^^^^^^^^^^^^^^^^^^^^^^^^^^^^^^^^^^^^^^^^^^^^^^^^^^^^^^^^^^^^^^^^^^\n  File \"/home/fish/git/python-automation/.venv/lib/python3.12/site-packages/selenium/webdriver/remote/webdriver.py\", line 888, in find_element\n    return self.execute(Command.FIND_ELEMENT, {\"using\": by, \"value\": value})[\"value\"]\n           ^^^^^^^^^^^^^^^^^^^^^^^^^^^^^^^^^^^^^^^^^^^^^^^^^^^^^^^^^^^^^^^^^\n  File \"/home/fish/git/python-automation/.venv/lib/python3.12/site-packages/selenium/webdriver/remote/webdriver.py\", line 429, in execute\n    self.error_handler.check_response(response)\n  File \"/home/fish/git/python-automation/.venv/lib/python3.12/site-packages/selenium/webdriver/remote/errorhandler.py\", line 232, in check_response\n    raise exception_class(message, screen, stacktrace)\n"}, "steps": [{"name": "Given O usuário está na página do portal de testes SEA Tecnologia", "status": "passed", "attachments": [{"name": "Screenshot", "source": "e9ee0814-e8f1-4ebf-9cb7-1a9a8fe24893-attachment.png", "type": "image/png"}], "start": 1737609507047, "stop": 1737609507212}, {"name": "When O item tree do menu lateral é selecionado", "status": "passed", "attachments": [{"name": "Screenshot", "source": "cec7ba36-0928-43c0-bfe5-ac0cbf1c2759-attachment.png", "type": "image/png"}], "start": 1737609507213, "stop": 1737609507435}, {"name": "Then A navegação pelo item tree do menu lateral é validada", "status": "broken", "statusDetails": {"message": "selenium.common.exceptions.NoSuchElementException: Message: no such element: Unable to locate element: {\"method\":\"xpath\",\"selector\":\"//*[contains(text(), 'Em Breve')]\"}\n  (Session info: chrome=131.0.6778.264); For documentation on this error, please visit: https://www.selenium.dev/documentation/webdriver/troubleshooting/errors#no-such-element-exception\nStacktrace:\n#0 0x55fefd4611fa <unknown>\n#1 0x55fefcf71810 <unknown>\n#2 0x55fefcfc0506 <unknown>\n#3 0x55fefcfc07a1 <unknown>\n#4 0x55fefd005c24 <unknown>\n#5 0x55fefcfe45ad <unknown>\n#6 0x55fefd003007 <unknown>\n#7 0x55fefcfe4323 <unknown>\n#8 0x55fefcfb2de0 <unknown>\n#9 0x55fefcfb3dbe <unknown>\n#10 0x55fefd42d12b <unknown>\n#11 0x55fefd4310c7 <unknown>\n#12 0x55fefd41a6cc <unknown>\n#13 0x55fefd431c47 <unknown>\n#14 0x55fefd3ff67f <unknown>\n#15 0x55fefd450288 <unknown>\n#16 0x55fefd450450 <unknown>\n#17 0x55fefd460076 <unknown>\n#18 0x7f99a851d112 <unknown>\n\n", "trace": "  File \"/home/fish/git/python-automation/.venv/lib/python3.12/site-packages/behave/model.py\", line 1329, in run\n    match.run(runner.context)\n  File \"/home/fish/git/python-automation/.venv/lib/python3.12/site-packages/behave/matchers.py\", line 98, in run\n    self.func(context, *args, **kwargs)\n  File \"features/steps/homepage_steps.py\", line 72, in step_impl\n    text_element = context.browser.find_element(By.XPATH, f\"//*[contains(text(), 'Em Breve')]\")\n                   ^^^^^^^^^^^^^^^^^^^^^^^^^^^^^^^^^^^^^^^^^^^^^^^^^^^^^^^^^^^^^^^^^^^^^^^^^^^^\n  File \"/home/fish/git/python-automation/.venv/lib/python3.12/site-packages/selenium/webdriver/remote/webdriver.py\", line 888, in find_element\n    return self.execute(Command.FIND_ELEMENT, {\"using\": by, \"value\": value})[\"value\"]\n           ^^^^^^^^^^^^^^^^^^^^^^^^^^^^^^^^^^^^^^^^^^^^^^^^^^^^^^^^^^^^^^^^^\n  File \"/home/fish/git/python-automation/.venv/lib/python3.12/site-packages/selenium/webdriver/remote/webdriver.py\", line 429, in execute\n    self.error_handler.check_response(response)\n  File \"/home/fish/git/python-automation/.venv/lib/python3.12/site-packages/selenium/webdriver/remote/errorhandler.py\", line 232, in check_response\n    raise exception_class(message, screen, stacktrace)\n"}, "attachments": [{"name": "Screenshot", "source": "335b944a-cc66-47de-92e2-1c46b7a15d78-attachment.png", "type": "image/png"}], "start": 1737609507436, "stop": 1737609507574}], "attachments": [{"name": "Screenshot", "source": "3c593f2b-679b-4a15-aa91-321912f78f7d-attachment.png", "type": "image/png"}], "parameters": [{"name": "item", "value": "tree"}], "start": 1737609506199, "stop": 1737609507744, "uuid": "638a7132-af14-49e1-88fe-408f4a190a26", "historyId": "f4fa04cbb2fa9fd1ece2d6e286ffaea8", "fullName": "Validar itens do menu lateral: Validar itens do menu lateral", "labels": [{"name": "epic", "value": "HomePage"}, {"name": "severity", "value": "normal"}, {"name": "story", "value": "Labels"}, {"name": "tag", "value": "ok"}, {"name": "feature", "value": "Validar itens do menu lateral"}, {"name": "framework", "value": "behave"}, {"name": "language", "value": "cpython3"}]}