{"name": "Validar itens do menu superior", "status": "broken", "statusDetails": {"message": "selenium.common.exceptions.NoSuchElementException: Message: no such element: Unable to locate element: {\"method\":\"xpath\",\"selector\":\"//*[contains(text(), 'Em Breve')]\"}\n  (Session info: chrome=131.0.6778.264); For documentation on this error, please visit: https://www.selenium.dev/documentation/webdriver/troubleshooting/errors#no-such-element-exception\nStacktrace:\n#0 0x5575940151fa <unknown>\n#1 0x557593b25810 <unknown>\n#2 0x557593b74506 <unknown>\n#3 0x557593b747a1 <unknown>\n#4 0x557593bb9c24 <unknown>\n#5 0x557593b985ad <unknown>\n#6 0x557593bb7007 <unknown>\n#7 0x557593b98323 <unknown>\n#8 0x557593b66de0 <unknown>\n#9 0x557593b67dbe <unknown>\n#10 0x557593fe112b <unknown>\n#11 0x557593fe50c7 <unknown>\n#12 0x557593fce6cc <unknown>\n#13 0x557593fe5c47 <unknown>\n#14 0x557593fb367f <unknown>\n#15 0x557594004288 <unknown>\n#16 0x557594004450 <unknown>\n#17 0x557594014076 <unknown>\n#18 0x7f22c4747112 <unknown>\n\n", "trace": "  File \"/home/fish/git/python-automation/.venv/lib/python3.12/site-packages/behave/model.py\", line 1329, in run\n    match.run(runner.context)\n  File \"/home/fish/git/python-automation/.venv/lib/python3.12/site-packages/behave/matchers.py\", line 98, in run\n    self.func(context, *args, **kwargs)\n  File \"features/steps/homepage_steps.py\", line 130, in step_impl\n    text_element = context.browser.find_element(By.XPATH, f\"//*[contains(text(), 'Em Breve')]\")\n                   ^^^^^^^^^^^^^^^^^^^^^^^^^^^^^^^^^^^^^^^^^^^^^^^^^^^^^^^^^^^^^^^^^^^^^^^^^^^^\n  File \"/home/fish/git/python-automation/.venv/lib/python3.12/site-packages/selenium/webdriver/remote/webdriver.py\", line 888, in find_element\n    return self.execute(Command.FIND_ELEMENT, {\"using\": by, \"value\": value})[\"value\"]\n           ^^^^^^^^^^^^^^^^^^^^^^^^^^^^^^^^^^^^^^^^^^^^^^^^^^^^^^^^^^^^^^^^^\n  File \"/home/fish/git/python-automation/.venv/lib/python3.12/site-packages/selenium/webdriver/remote/webdriver.py\", line 429, in execute\n    self.error_handler.check_response(response)\n  File \"/home/fish/git/python-automation/.venv/lib/python3.12/site-packages/selenium/webdriver/remote/errorhandler.py\", line 232, in check_response\n    raise exception_class(message, screen, stacktrace)\n"}, "steps": [{"name": "Given O usuário está na página do portal de testes SEA Tecnologia", "status": "passed", "attachments": [{"name": "Screenshot", "source": "73113215-ee6b-462b-8f03-ee877e2ad169-attachment.png", "type": "image/png"}], "start": 1737609512948, "stop": 1737609513127}, {"name": "When A opção Etapa concluída é selecionada", "status": "passed", "attachments": [{"name": "Screenshot", "source": "3f889bcf-e6e8-4ef1-b924-f27e2f5f23b2-attachment.png", "type": "image/png"}], "start": 1737609513127, "stop": 1737609513410}, {"name": "Then O status Concluído é definido no item 1", "status": "passed", "attachments": [{"name": "Screenshot", "source": "da2f23d9-96be-4030-8cc9-17011fb80c31-attachment.png", "type": "image/png"}], "start": 1737609513410, "stop": 1737609513585}, {"name": "And O botão Próximo passo é selecionado", "status": "passed", "attachments": [{"name": "Screenshot", "source": "28d7fc6c-1f7f-4e1b-aa79-ddd1aceee6f3-attachment.png", "type": "image/png"}], "start": 1737609513585, "stop": 1737609513820}, {"name": "Then O item 2 é acessado", "status": "broken", "statusDetails": {"message": "selenium.common.exceptions.NoSuchElementException: Message: no such element: Unable to locate element: {\"method\":\"xpath\",\"selector\":\"//*[contains(text(), 'Em Breve')]\"}\n  (Session info: chrome=131.0.6778.264); For documentation on this error, please visit: https://www.selenium.dev/documentation/webdriver/troubleshooting/errors#no-such-element-exception\nStacktrace:\n#0 0x5575940151fa <unknown>\n#1 0x557593b25810 <unknown>\n#2 0x557593b74506 <unknown>\n#3 0x557593b747a1 <unknown>\n#4 0x557593bb9c24 <unknown>\n#5 0x557593b985ad <unknown>\n#6 0x557593bb7007 <unknown>\n#7 0x557593b98323 <unknown>\n#8 0x557593b66de0 <unknown>\n#9 0x557593b67dbe <unknown>\n#10 0x557593fe112b <unknown>\n#11 0x557593fe50c7 <unknown>\n#12 0x557593fce6cc <unknown>\n#13 0x557593fe5c47 <unknown>\n#14 0x557593fb367f <unknown>\n#15 0x557594004288 <unknown>\n#16 0x557594004450 <unknown>\n#17 0x557594014076 <unknown>\n#18 0x7f22c4747112 <unknown>\n\n", "trace": "  File \"/home/fish/git/python-automation/.venv/lib/python3.12/site-packages/behave/model.py\", line 1329, in run\n    match.run(runner.context)\n  File \"/home/fish/git/python-automation/.venv/lib/python3.12/site-packages/behave/matchers.py\", line 98, in run\n    self.func(context, *args, **kwargs)\n  File \"features/steps/homepage_steps.py\", line 130, in step_impl\n    text_element = context.browser.find_element(By.XPATH, f\"//*[contains(text(), 'Em Breve')]\")\n                   ^^^^^^^^^^^^^^^^^^^^^^^^^^^^^^^^^^^^^^^^^^^^^^^^^^^^^^^^^^^^^^^^^^^^^^^^^^^^\n  File \"/home/fish/git/python-automation/.venv/lib/python3.12/site-packages/selenium/webdriver/remote/webdriver.py\", line 888, in find_element\n    return self.execute(Command.FIND_ELEMENT, {\"using\": by, \"value\": value})[\"value\"]\n           ^^^^^^^^^^^^^^^^^^^^^^^^^^^^^^^^^^^^^^^^^^^^^^^^^^^^^^^^^^^^^^^^^\n  File \"/home/fish/git/python-automation/.venv/lib/python3.12/site-packages/selenium/webdriver/remote/webdriver.py\", line 429, in execute\n    self.error_handler.check_response(response)\n  File \"/home/fish/git/python-automation/.venv/lib/python3.12/site-packages/selenium/webdriver/remote/errorhandler.py\", line 232, in check_response\n    raise exception_class(message, screen, stacktrace)\n"}, "attachments": [{"name": "Screenshot", "source": "b51d6b3a-a91f-4652-8694-a4d8e07e35e9-attachment.png", "type": "image/png"}], "start": 1737609513820, "stop": 1737609514038}, {"name": "And O botão Próximo passo é selecionado", "status": "skipped", "start": 1737609514232, "stop": 1737609514232}, {"name": "Then O item 3 é acessado", "status": "skipped", "start": 1737609514232, "stop": 1737609514232}, {"name": "And O botão Próximo passo é selecionado", "status": "skipped", "start": 1737609514232, "stop": 1737609514232}, {"name": "Then O item 4 é acessado", "status": "skipped", "start": 1737609514232, "stop": 1737609514232}, {"name": "And O botão Próximo passo é selecionado", "status": "skipped", "start": 1737609514232, "stop": 1737609514232}, {"name": "Then O item 5 é acessado", "status": "skipped", "start": 1737609514232, "stop": 1737609514232}, {"name": "And O botão Próximo passo é selecionado", "status": "skipped", "start": 1737609514232, "stop": 1737609514232}, {"name": "Then O item 6 é acessado", "status": "skipped", "start": 1737609514232, "stop": 1737609514232}, {"name": "And O botão Próximo passo é selecionado", "status": "skipped", "start": 1737609514232, "stop": 1737609514232}, {"name": "Then O item 7 é acessado", "status": "skipped", "start": 1737609514232, "stop": 1737609514232}, {"name": "And O botão Próximo passo é selecionado", "status": "skipped", "start": 1737609514232, "stop": 1737609514232}, {"name": "Then O item 8 é acessado", "status": "skipped", "start": 1737609514232, "stop": 1737609514232}, {"name": "And O botão Próximo passo é selecionado", "status": "skipped", "start": 1737609514232, "stop": 1737609514232}, {"name": "Then O item 9 é acessado", "status": "skipped", "start": 1737609514232, "stop": 1737609514232}], "attachments": [{"name": "Screenshot", "source": "c2f48fdd-0ce1-4caf-94b7-65742aea05b1-attachment.png", "type": "image/png"}], "start": 1737609512180, "stop": 1737609514232, "uuid": "ba5d6f2b-6665-43a6-9832-8c7e10bde8fc", "historyId": "90dec767fa0c651271a717abed94f8ba", "fullName": "Validar itens do menu superior: Validar itens do menu superior", "labels": [{"name": "epic", "value": "HomePage"}, {"name": "severity", "value": "normal"}, {"name": "story", "value": "Labels"}, {"name": "tag", "value": "ok"}, {"name": "feature", "value": "Validar itens do menu superior"}, {"name": "framework", "value": "behave"}, {"name": "language", "value": "cpython3"}]}