{"name": "Validar itens do menu lateral -- @1.4 ", "status": "broken", "statusDetails": {"message": "selenium.common.exceptions.NoSuchElementException: Message: no such element: Unable to locate element: {\"method\":\"xpath\",\"selector\":\"//*[contains(text(), 'Em Breve')]\"}\n  (Session info: chrome=131.0.6778.264); For documentation on this error, please visit: https://www.selenium.dev/documentation/webdriver/troubleshooting/errors#no-such-element-exception\nStacktrace:\n#0 0x55ee5aa401fa <unknown>\n#1 0x55ee5a550810 <unknown>\n#2 0x55ee5a59f506 <unknown>\n#3 0x55ee5a59f7a1 <unknown>\n#4 0x55ee5a5e4c24 <unknown>\n#5 0x55ee5a5c35ad <unknown>\n#6 0x55ee5a5e2007 <unknown>\n#7 0x55ee5a5c3323 <unknown>\n#8 0x55ee5a591de0 <unknown>\n#9 0x55ee5a592dbe <unknown>\n#10 0x55ee5aa0c12b <unknown>\n#11 0x55ee5aa100c7 <unknown>\n#12 0x55ee5a9f96cc <unknown>\n#13 0x55ee5aa10c47 <unknown>\n#14 0x55ee5a9de67f <unknown>\n#15 0x55ee5aa2f288 <unknown>\n#16 0x55ee5aa2f450 <unknown>\n#17 0x55ee5aa3f076 <unknown>\n#18 0x7f08a7a7e112 <unknown>\n\n", "trace": "  File \"/home/fish/git/python-automation/.venv/lib/python3.12/site-packages/behave/model.py\", line 1329, in run\n    match.run(runner.context)\n  File \"/home/fish/git/python-automation/.venv/lib/python3.12/site-packages/behave/matchers.py\", line 98, in run\n    self.func(context, *args, **kwargs)\n  File \"features/steps/homepage_steps.py\", line 72, in step_impl\n    text_element = context.browser.find_element(By.XPATH, f\"//*[contains(text(), 'Em Breve')]\")\n                   ^^^^^^^^^^^^^^^^^^^^^^^^^^^^^^^^^^^^^^^^^^^^^^^^^^^^^^^^^^^^^^^^^^^^^^^^^^^^\n  File \"/home/fish/git/python-automation/.venv/lib/python3.12/site-packages/selenium/webdriver/remote/webdriver.py\", line 888, in find_element\n    return self.execute(Command.FIND_ELEMENT, {\"using\": by, \"value\": value})[\"value\"]\n           ^^^^^^^^^^^^^^^^^^^^^^^^^^^^^^^^^^^^^^^^^^^^^^^^^^^^^^^^^^^^^^^^^\n  File \"/home/fish/git/python-automation/.venv/lib/python3.12/site-packages/selenium/webdriver/remote/webdriver.py\", line 429, in execute\n    self.error_handler.check_response(response)\n  File \"/home/fish/git/python-automation/.venv/lib/python3.12/site-packages/selenium/webdriver/remote/errorhandler.py\", line 232, in check_response\n    raise exception_class(message, screen, stacktrace)\n"}, "steps": [{"name": "Given O usuário está na página do portal de testes SEA Tecnologia", "status": "passed", "attachments": [{"name": "Screenshot", "source": "1da94751-2b66-4828-8b21-ece86007494e-attachment.png", "type": "image/png"}], "start": 1737609508529, "stop": 1737609508698}, {"name": "When O item notifications do menu lateral é selecionado", "status": "passed", "attachments": [{"name": "Screenshot", "source": "33a5e0b2-cecb-46dd-93c6-c99240a97172-attachment.png", "type": "image/png"}], "start": 1737609508698, "stop": 1737609508917}, {"name": "Then A navegação pelo item notifications do menu lateral é validada", "status": "broken", "statusDetails": {"message": "selenium.common.exceptions.NoSuchElementException: Message: no such element: Unable to locate element: {\"method\":\"xpath\",\"selector\":\"//*[contains(text(), 'Em Breve')]\"}\n  (Session info: chrome=131.0.6778.264); For documentation on this error, please visit: https://www.selenium.dev/documentation/webdriver/troubleshooting/errors#no-such-element-exception\nStacktrace:\n#0 0x55ee5aa401fa <unknown>\n#1 0x55ee5a550810 <unknown>\n#2 0x55ee5a59f506 <unknown>\n#3 0x55ee5a59f7a1 <unknown>\n#4 0x55ee5a5e4c24 <unknown>\n#5 0x55ee5a5c35ad <unknown>\n#6 0x55ee5a5e2007 <unknown>\n#7 0x55ee5a5c3323 <unknown>\n#8 0x55ee5a591de0 <unknown>\n#9 0x55ee5a592dbe <unknown>\n#10 0x55ee5aa0c12b <unknown>\n#11 0x55ee5aa100c7 <unknown>\n#12 0x55ee5a9f96cc <unknown>\n#13 0x55ee5aa10c47 <unknown>\n#14 0x55ee5a9de67f <unknown>\n#15 0x55ee5aa2f288 <unknown>\n#16 0x55ee5aa2f450 <unknown>\n#17 0x55ee5aa3f076 <unknown>\n#18 0x7f08a7a7e112 <unknown>\n\n", "trace": "  File \"/home/fish/git/python-automation/.venv/lib/python3.12/site-packages/behave/model.py\", line 1329, in run\n    match.run(runner.context)\n  File \"/home/fish/git/python-automation/.venv/lib/python3.12/site-packages/behave/matchers.py\", line 98, in run\n    self.func(context, *args, **kwargs)\n  File \"features/steps/homepage_steps.py\", line 72, in step_impl\n    text_element = context.browser.find_element(By.XPATH, f\"//*[contains(text(), 'Em Breve')]\")\n                   ^^^^^^^^^^^^^^^^^^^^^^^^^^^^^^^^^^^^^^^^^^^^^^^^^^^^^^^^^^^^^^^^^^^^^^^^^^^^\n  File \"/home/fish/git/python-automation/.venv/lib/python3.12/site-packages/selenium/webdriver/remote/webdriver.py\", line 888, in find_element\n    return self.execute(Command.FIND_ELEMENT, {\"using\": by, \"value\": value})[\"value\"]\n           ^^^^^^^^^^^^^^^^^^^^^^^^^^^^^^^^^^^^^^^^^^^^^^^^^^^^^^^^^^^^^^^^^\n  File \"/home/fish/git/python-automation/.venv/lib/python3.12/site-packages/selenium/webdriver/remote/webdriver.py\", line 429, in execute\n    self.error_handler.check_response(response)\n  File \"/home/fish/git/python-automation/.venv/lib/python3.12/site-packages/selenium/webdriver/remote/errorhandler.py\", line 232, in check_response\n    raise exception_class(message, screen, stacktrace)\n"}, "attachments": [{"name": "Screenshot", "source": "1e3829ea-da4c-400c-bb31-e71524c785c3-attachment.png", "type": "image/png"}], "start": 1737609508917, "stop": 1737609509052}], "attachments": [{"name": "Screenshot", "source": "3668e71d-005e-4283-8b10-eef5c8c5d9a1-attachment.png", "type": "image/png"}], "parameters": [{"name": "item", "value": "notifications"}], "start": 1737609507745, "stop": 1737609509215, "uuid": "42a8fffc-665c-448f-8a09-fee8a6ef6f5c", "historyId": "acae4364e7197b9ae4825d4fcfcee919", "fullName": "Validar itens do menu lateral: Validar itens do menu lateral", "labels": [{"name": "epic", "value": "HomePage"}, {"name": "severity", "value": "normal"}, {"name": "story", "value": "Labels"}, {"name": "tag", "value": "ok"}, {"name": "feature", "value": "Validar itens do menu lateral"}, {"name": "framework", "value": "behave"}, {"name": "language", "value": "cpython3"}]}