{"name": "Validar itens do menu lateral -- @1.5 ", "status": "broken", "statusDetails": {"message": "selenium.common.exceptions.NoSuchElementException: Message: no such element: Unable to locate element: {\"method\":\"xpath\",\"selector\":\"//*[contains(text(), 'Em Breve')]\"}\n  (Session info: chrome=131.0.6778.264); For documentation on this error, please visit: https://www.selenium.dev/documentation/webdriver/troubleshooting/errors#no-such-element-exception\nStacktrace:\n#0 0x56262cf7d1fa <unknown>\n#1 0x56262ca8d810 <unknown>\n#2 0x56262cadc506 <unknown>\n#3 0x56262cadc7a1 <unknown>\n#4 0x56262cb21c24 <unknown>\n#5 0x56262cb005ad <unknown>\n#6 0x56262cb1f007 <unknown>\n#7 0x56262cb00323 <unknown>\n#8 0x56262cacede0 <unknown>\n#9 0x56262cacfdbe <unknown>\n#10 0x56262cf4912b <unknown>\n#11 0x56262cf4d0c7 <unknown>\n#12 0x56262cf366cc <unknown>\n#13 0x56262cf4dc47 <unknown>\n#14 0x56262cf1b67f <unknown>\n#15 0x56262cf6c288 <unknown>\n#16 0x56262cf6c450 <unknown>\n#17 0x56262cf7c076 <unknown>\n#18 0x7f61f1878112 <unknown>\n\n", "trace": "  File \"/home/fish/git/python-automation/.venv/lib/python3.12/site-packages/behave/model.py\", line 1329, in run\n    match.run(runner.context)\n  File \"/home/fish/git/python-automation/.venv/lib/python3.12/site-packages/behave/matchers.py\", line 98, in run\n    self.func(context, *args, **kwargs)\n  File \"features/steps/homepage_steps.py\", line 72, in step_impl\n    text_element = context.browser.find_element(By.XPATH, f\"//*[contains(text(), 'Em Breve')]\")\n                   ^^^^^^^^^^^^^^^^^^^^^^^^^^^^^^^^^^^^^^^^^^^^^^^^^^^^^^^^^^^^^^^^^^^^^^^^^^^^\n  File \"/home/fish/git/python-automation/.venv/lib/python3.12/site-packages/selenium/webdriver/remote/webdriver.py\", line 888, in find_element\n    return self.execute(Command.FIND_ELEMENT, {\"using\": by, \"value\": value})[\"value\"]\n           ^^^^^^^^^^^^^^^^^^^^^^^^^^^^^^^^^^^^^^^^^^^^^^^^^^^^^^^^^^^^^^^^^\n  File \"/home/fish/git/python-automation/.venv/lib/python3.12/site-packages/selenium/webdriver/remote/webdriver.py\", line 429, in execute\n    self.error_handler.check_response(response)\n  File \"/home/fish/git/python-automation/.venv/lib/python3.12/site-packages/selenium/webdriver/remote/errorhandler.py\", line 232, in check_response\n    raise exception_class(message, screen, stacktrace)\n"}, "steps": [{"name": "Given O usuário está na página do portal de testes SEA Tecnologia", "status": "passed", "attachments": [{"name": "Screenshot", "source": "a03fb3be-7823-49c5-ad87-50ee6848fbae-attachment.png", "type": "image/png"}], "start": 1737609510042, "stop": 1737609510214}, {"name": "When O item history do menu lateral é selecionado", "status": "passed", "attachments": [{"name": "Screenshot", "source": "a9748316-f137-4dc3-9823-154bc9502d4e-attachment.png", "type": "image/png"}], "start": 1737609510214, "stop": 1737609510437}, {"name": "Then A navegação pelo item history do menu lateral é validada", "status": "broken", "statusDetails": {"message": "selenium.common.exceptions.NoSuchElementException: Message: no such element: Unable to locate element: {\"method\":\"xpath\",\"selector\":\"//*[contains(text(), 'Em Breve')]\"}\n  (Session info: chrome=131.0.6778.264); For documentation on this error, please visit: https://www.selenium.dev/documentation/webdriver/troubleshooting/errors#no-such-element-exception\nStacktrace:\n#0 0x56262cf7d1fa <unknown>\n#1 0x56262ca8d810 <unknown>\n#2 0x56262cadc506 <unknown>\n#3 0x56262cadc7a1 <unknown>\n#4 0x56262cb21c24 <unknown>\n#5 0x56262cb005ad <unknown>\n#6 0x56262cb1f007 <unknown>\n#7 0x56262cb00323 <unknown>\n#8 0x56262cacede0 <unknown>\n#9 0x56262cacfdbe <unknown>\n#10 0x56262cf4912b <unknown>\n#11 0x56262cf4d0c7 <unknown>\n#12 0x56262cf366cc <unknown>\n#13 0x56262cf4dc47 <unknown>\n#14 0x56262cf1b67f <unknown>\n#15 0x56262cf6c288 <unknown>\n#16 0x56262cf6c450 <unknown>\n#17 0x56262cf7c076 <unknown>\n#18 0x7f61f1878112 <unknown>\n\n", "trace": "  File \"/home/fish/git/python-automation/.venv/lib/python3.12/site-packages/behave/model.py\", line 1329, in run\n    match.run(runner.context)\n  File \"/home/fish/git/python-automation/.venv/lib/python3.12/site-packages/behave/matchers.py\", line 98, in run\n    self.func(context, *args, **kwargs)\n  File \"features/steps/homepage_steps.py\", line 72, in step_impl\n    text_element = context.browser.find_element(By.XPATH, f\"//*[contains(text(), 'Em Breve')]\")\n                   ^^^^^^^^^^^^^^^^^^^^^^^^^^^^^^^^^^^^^^^^^^^^^^^^^^^^^^^^^^^^^^^^^^^^^^^^^^^^\n  File \"/home/fish/git/python-automation/.venv/lib/python3.12/site-packages/selenium/webdriver/remote/webdriver.py\", line 888, in find_element\n    return self.execute(Command.FIND_ELEMENT, {\"using\": by, \"value\": value})[\"value\"]\n           ^^^^^^^^^^^^^^^^^^^^^^^^^^^^^^^^^^^^^^^^^^^^^^^^^^^^^^^^^^^^^^^^^\n  File \"/home/fish/git/python-automation/.venv/lib/python3.12/site-packages/selenium/webdriver/remote/webdriver.py\", line 429, in execute\n    self.error_handler.check_response(response)\n  File \"/home/fish/git/python-automation/.venv/lib/python3.12/site-packages/selenium/webdriver/remote/errorhandler.py\", line 232, in check_response\n    raise exception_class(message, screen, stacktrace)\n"}, "attachments": [{"name": "Screenshot", "source": "28858d91-68f9-49f6-8a4e-179d428b3ce7-attachment.png", "type": "image/png"}], "start": 1737609510437, "stop": 1737609510567}], "attachments": [{"name": "Screenshot", "source": "c8dfebd8-f068-42e8-8ca5-a03351a8880a-attachment.png", "type": "image/png"}], "parameters": [{"name": "item", "value": "history"}], "start": 1737609509216, "stop": 1737609510729, "uuid": "20235b07-13f6-42da-ac32-69c6286ffc6a", "historyId": "0e24fffa803b05e761dd1bd2d0b86949", "fullName": "Validar itens do menu lateral: Validar itens do menu lateral", "labels": [{"name": "epic", "value": "HomePage"}, {"name": "severity", "value": "normal"}, {"name": "story", "value": "Labels"}, {"name": "tag", "value": "ok"}, {"name": "feature", "value": "Validar itens do menu lateral"}, {"name": "framework", "value": "behave"}, {"name": "language", "value": "cpython3"}]}