{"name": "Validar itens do menu lateral -- @1.1 ", "status": "broken", "statusDetails": {"message": "selenium.common.exceptions.NoSuchElementException: Message: no such element: Unable to locate element: {\"method\":\"xpath\",\"selector\":\"//*[contains(text(), 'Em Breve')]\"}\n  (Session info: chrome=131.0.6778.264); For documentation on this error, please visit: https://www.selenium.dev/documentation/webdriver/troubleshooting/errors#no-such-element-exception\nStacktrace:\n#0 0x56506bf6f1fa <unknown>\n#1 0x56506ba7f810 <unknown>\n#2 0x56506bace506 <unknown>\n#3 0x56506bace7a1 <unknown>\n#4 0x56506bb13c24 <unknown>\n#5 0x56506baf25ad <unknown>\n#6 0x56506bb11007 <unknown>\n#7 0x56506baf2323 <unknown>\n#8 0x56506bac0de0 <unknown>\n#9 0x56506bac1dbe <unknown>\n#10 0x56506bf3b12b <unknown>\n#11 0x56506bf3f0c7 <unknown>\n#12 0x56506bf286cc <unknown>\n#13 0x56506bf3fc47 <unknown>\n#14 0x56506bf0d67f <unknown>\n#15 0x56506bf5e288 <unknown>\n#16 0x56506bf5e450 <unknown>\n#17 0x56506bf6e076 <unknown>\n#18 0x7fd39fca6112 <unknown>\n\n", "trace": "  File \"/home/fish/git/python-automation/.venv/lib/python3.12/site-packages/behave/model.py\", line 1329, in run\n    match.run(runner.context)\n  File \"/home/fish/git/python-automation/.venv/lib/python3.12/site-packages/behave/matchers.py\", line 98, in run\n    self.func(context, *args, **kwargs)\n  File \"features/steps/homepage_steps.py\", line 72, in step_impl\n    text_element = context.browser.find_element(By.XPATH, f\"//*[contains(text(), 'Em Breve')]\")\n                   ^^^^^^^^^^^^^^^^^^^^^^^^^^^^^^^^^^^^^^^^^^^^^^^^^^^^^^^^^^^^^^^^^^^^^^^^^^^^\n  File \"/home/fish/git/python-automation/.venv/lib/python3.12/site-packages/selenium/webdriver/remote/webdriver.py\", line 888, in find_element\n    return self.execute(Command.FIND_ELEMENT, {\"using\": by, \"value\": value})[\"value\"]\n           ^^^^^^^^^^^^^^^^^^^^^^^^^^^^^^^^^^^^^^^^^^^^^^^^^^^^^^^^^^^^^^^^^\n  File \"/home/fish/git/python-automation/.venv/lib/python3.12/site-packages/selenium/webdriver/remote/webdriver.py\", line 429, in execute\n    self.error_handler.check_response(response)\n  File \"/home/fish/git/python-automation/.venv/lib/python3.12/site-packages/selenium/webdriver/remote/errorhandler.py\", line 232, in check_response\n    raise exception_class(message, screen, stacktrace)\n"}, "steps": [{"name": "Given O usuário está na página do portal de testes SEA Tecnologia", "status": "passed", "attachments": [{"name": "Screenshot", "source": "8f5e8cb3-151d-48f8-8a90-871f155033c5-attachment.png", "type": "image/png"}], "start": 1737609504105, "stop": 1737609504262}, {"name": "When O item home do menu lateral é selecionado", "status": "passed", "attachments": [{"name": "Screenshot", "source": "7c6b7bb9-3f22-4b8e-801c-7a88edd48e12-attachment.png", "type": "image/png"}], "start": 1737609504262, "stop": 1737609504483}, {"name": "Then A navegação pelo item home do menu lateral é validada", "status": "broken", "statusDetails": {"message": "selenium.common.exceptions.NoSuchElementException: Message: no such element: Unable to locate element: {\"method\":\"xpath\",\"selector\":\"//*[contains(text(), 'Em Breve')]\"}\n  (Session info: chrome=131.0.6778.264); For documentation on this error, please visit: https://www.selenium.dev/documentation/webdriver/troubleshooting/errors#no-such-element-exception\nStacktrace:\n#0 0x56506bf6f1fa <unknown>\n#1 0x56506ba7f810 <unknown>\n#2 0x56506bace506 <unknown>\n#3 0x56506bace7a1 <unknown>\n#4 0x56506bb13c24 <unknown>\n#5 0x56506baf25ad <unknown>\n#6 0x56506bb11007 <unknown>\n#7 0x56506baf2323 <unknown>\n#8 0x56506bac0de0 <unknown>\n#9 0x56506bac1dbe <unknown>\n#10 0x56506bf3b12b <unknown>\n#11 0x56506bf3f0c7 <unknown>\n#12 0x56506bf286cc <unknown>\n#13 0x56506bf3fc47 <unknown>\n#14 0x56506bf0d67f <unknown>\n#15 0x56506bf5e288 <unknown>\n#16 0x56506bf5e450 <unknown>\n#17 0x56506bf6e076 <unknown>\n#18 0x7fd39fca6112 <unknown>\n\n", "trace": "  File \"/home/fish/git/python-automation/.venv/lib/python3.12/site-packages/behave/model.py\", line 1329, in run\n    match.run(runner.context)\n  File \"/home/fish/git/python-automation/.venv/lib/python3.12/site-packages/behave/matchers.py\", line 98, in run\n    self.func(context, *args, **kwargs)\n  File \"features/steps/homepage_steps.py\", line 72, in step_impl\n    text_element = context.browser.find_element(By.XPATH, f\"//*[contains(text(), 'Em Breve')]\")\n                   ^^^^^^^^^^^^^^^^^^^^^^^^^^^^^^^^^^^^^^^^^^^^^^^^^^^^^^^^^^^^^^^^^^^^^^^^^^^^\n  File \"/home/fish/git/python-automation/.venv/lib/python3.12/site-packages/selenium/webdriver/remote/webdriver.py\", line 888, in find_element\n    return self.execute(Command.FIND_ELEMENT, {\"using\": by, \"value\": value})[\"value\"]\n           ^^^^^^^^^^^^^^^^^^^^^^^^^^^^^^^^^^^^^^^^^^^^^^^^^^^^^^^^^^^^^^^^^\n  File \"/home/fish/git/python-automation/.venv/lib/python3.12/site-packages/selenium/webdriver/remote/webdriver.py\", line 429, in execute\n    self.error_handler.check_response(response)\n  File \"/home/fish/git/python-automation/.venv/lib/python3.12/site-packages/selenium/webdriver/remote/errorhandler.py\", line 232, in check_response\n    raise exception_class(message, screen, stacktrace)\n"}, "attachments": [{"name": "Screenshot", "source": "f6aaf6dd-40e4-4134-ab93-5ea2819cb115-attachment.png", "type": "image/png"}], "start": 1737609504483, "stop": 1737609504621}], "attachments": [{"name": "Screenshot", "source": "a782d38e-3ebe-4b21-8e5b-936a2b237283-attachment.png", "type": "image/png"}], "parameters": [{"name": "item", "value": "home"}], "start": 1737609503211, "stop": 1737609504796, "uuid": "8f817f6d-e5b8-4b85-a607-422cdb4f827e", "historyId": "31ff6f9f6c309ba53a8891fdbb9e5bc0", "fullName": "Validar itens do menu lateral: Validar itens do menu lateral", "labels": [{"name": "epic", "value": "HomePage"}, {"name": "severity", "value": "normal"}, {"name": "story", "value": "Labels"}, {"name": "tag", "value": "ok"}, {"name": "feature", "value": "Validar itens do menu lateral"}, {"name": "framework", "value": "behave"}, {"name": "language", "value": "cpython3"}]}