{"name": "Excluir Funcionário", "status": "broken", "statusDetails": {"message": "selenium.common.exceptions.NoSuchElementException: Message: no such element: Unable to locate element: {\"method\":\"xpath\",\"selector\":\"//*[contains(text(), 'Excluir')]\"}\n  (Session info: chrome=131.0.6778.264); For documentation on this error, please visit: https://www.selenium.dev/documentation/webdriver/troubleshooting/errors#no-such-element-exception\nStacktrace:\n#0 0x55f42bda11fa <unknown>\n#1 0x55f42b8b1810 <unknown>\n#2 0x55f42b900506 <unknown>\n#3 0x55f42b9007a1 <unknown>\n#4 0x55f42b945c24 <unknown>\n#5 0x55f42b9245ad <unknown>\n#6 0x55f42b943007 <unknown>\n#7 0x55f42b924323 <unknown>\n#8 0x55f42b8f2de0 <unknown>\n#9 0x55f42b8f3dbe <unknown>\n#10 0x55f42bd6d12b <unknown>\n#11 0x55f42bd710c7 <unknown>\n#12 0x55f42bd5a6cc <unknown>\n#13 0x55f42bd71c47 <unknown>\n#14 0x55f42bd3f67f <unknown>\n#15 0x55f42bd90288 <unknown>\n#16 0x55f42bd90450 <unknown>\n#17 0x55f42bda0076 <unknown>\n#18 0x7ff0ab27c112 <unknown>\n\n", "trace": "  File \"/home/fish/git/python-automation/.venv/lib/python3.12/site-packages/behave/model.py\", line 1329, in run\n    match.run(runner.context)\n  File \"/home/fish/git/python-automation/.venv/lib/python3.12/site-packages/behave/matchers.py\", line 98, in run\n    self.func(context, *args, **kwargs)\n  File \"features/steps/homepage_steps.py\", line 54, in step_impl\n    text_element = context.browser.find_element(By.XPATH, f\"//*[contains(text(), 'Excluir')]\")\n                   ^^^^^^^^^^^^^^^^^^^^^^^^^^^^^^^^^^^^^^^^^^^^^^^^^^^^^^^^^^^^^^^^^^^^^^^^^^^\n  File \"/home/fish/git/python-automation/.venv/lib/python3.12/site-packages/selenium/webdriver/remote/webdriver.py\", line 888, in find_element\n    return self.execute(Command.FIND_ELEMENT, {\"using\": by, \"value\": value})[\"value\"]\n           ^^^^^^^^^^^^^^^^^^^^^^^^^^^^^^^^^^^^^^^^^^^^^^^^^^^^^^^^^^^^^^^^^\n  File \"/home/fish/git/python-automation/.venv/lib/python3.12/site-packages/selenium/webdriver/remote/webdriver.py\", line 429, in execute\n    self.error_handler.check_response(response)\n  File \"/home/fish/git/python-automation/.venv/lib/python3.12/site-packages/selenium/webdriver/remote/errorhandler.py\", line 232, in check_response\n    raise exception_class(message, screen, stacktrace)\n"}, "steps": [{"name": "Given O usuário está na página do portal de testes SEA Tecnologia", "status": "passed", "attachments": [{"name": "Screenshot", "source": "203171e6-a73f-4775-9c0e-13220f42394a-attachment.png", "type": "image/png"}], "start": 1737609476396, "stop": 1737609476544}, {"name": "When O menu de opções do funcionário é selecionado", "status": "passed", "attachments": [{"name": "Screenshot", "source": "02aa56df-b466-4aaf-b1f8-2a9a260051c0-attachment.png", "type": "image/png"}], "start": 1737609476544, "stop": 1737609476766}, {"name": "Then A opção Excluir funcionário é selecionada", "status": "broken", "statusDetails": {"message": "selenium.common.exceptions.NoSuchElementException: Message: no such element: Unable to locate element: {\"method\":\"xpath\",\"selector\":\"//*[contains(text(), 'Excluir')]\"}\n  (Session info: chrome=131.0.6778.264); For documentation on this error, please visit: https://www.selenium.dev/documentation/webdriver/troubleshooting/errors#no-such-element-exception\nStacktrace:\n#0 0x55f42bda11fa <unknown>\n#1 0x55f42b8b1810 <unknown>\n#2 0x55f42b900506 <unknown>\n#3 0x55f42b9007a1 <unknown>\n#4 0x55f42b945c24 <unknown>\n#5 0x55f42b9245ad <unknown>\n#6 0x55f42b943007 <unknown>\n#7 0x55f42b924323 <unknown>\n#8 0x55f42b8f2de0 <unknown>\n#9 0x55f42b8f3dbe <unknown>\n#10 0x55f42bd6d12b <unknown>\n#11 0x55f42bd710c7 <unknown>\n#12 0x55f42bd5a6cc <unknown>\n#13 0x55f42bd71c47 <unknown>\n#14 0x55f42bd3f67f <unknown>\n#15 0x55f42bd90288 <unknown>\n#16 0x55f42bd90450 <unknown>\n#17 0x55f42bda0076 <unknown>\n#18 0x7ff0ab27c112 <unknown>\n\n", "trace": "  File \"/home/fish/git/python-automation/.venv/lib/python3.12/site-packages/behave/model.py\", line 1329, in run\n    match.run(runner.context)\n  File \"/home/fish/git/python-automation/.venv/lib/python3.12/site-packages/behave/matchers.py\", line 98, in run\n    self.func(context, *args, **kwargs)\n  File \"features/steps/homepage_steps.py\", line 54, in step_impl\n    text_element = context.browser.find_element(By.XPATH, f\"//*[contains(text(), 'Excluir')]\")\n                   ^^^^^^^^^^^^^^^^^^^^^^^^^^^^^^^^^^^^^^^^^^^^^^^^^^^^^^^^^^^^^^^^^^^^^^^^^^^\n  File \"/home/fish/git/python-automation/.venv/lib/python3.12/site-packages/selenium/webdriver/remote/webdriver.py\", line 888, in find_element\n    return self.execute(Command.FIND_ELEMENT, {\"using\": by, \"value\": value})[\"value\"]\n           ^^^^^^^^^^^^^^^^^^^^^^^^^^^^^^^^^^^^^^^^^^^^^^^^^^^^^^^^^^^^^^^^^\n  File \"/home/fish/git/python-automation/.venv/lib/python3.12/site-packages/selenium/webdriver/remote/webdriver.py\", line 429, in execute\n    self.error_handler.check_response(response)\n  File \"/home/fish/git/python-automation/.venv/lib/python3.12/site-packages/selenium/webdriver/remote/errorhandler.py\", line 232, in check_response\n    raise exception_class(message, screen, stacktrace)\n"}, "attachments": [{"name": "Screenshot", "source": "1ce73276-aa35-4f5c-9357-d86b316fd357-attachment.png", "type": "image/png"}], "start": 1737609476766, "stop": 1737609476904}], "attachments": [{"name": "Screenshot", "source": "cbff0427-a343-4309-941a-0288e84c0940-attachment.png", "type": "image/png"}], "start": 1737609475611, "stop": 1737609477083, "uuid": "6a1d32b1-73d7-44d4-b9b2-2a82e95cedf1", "historyId": "d1fa083cddfcfff7351acf426d474c99", "fullName": "Excluir Funcionário: Excluir Funcionário", "labels": [{"name": "epic", "value": "HomePage"}, {"name": "severity", "value": "normal"}, {"name": "story", "value": "Labels"}, {"name": "tag", "value": "ok"}, {"name": "feature", "value": "Excluir Funcionário"}, {"name": "framework", "value": "behave"}, {"name": "language", "value": "cpython3"}]}